<?xml version="1.0" encoding="UTF-8"?>
<!-- Generated by org.testng.reporters.JUnitReportReporter -->
<testsuite hostname="DESKTOP-Q5H429A" failures="0" tests="2" name="ecom.deleteAPI" time="7.058" errors="0" timestamp="2023-07-29T16:23:21 IST" skipped="0">
  <testcase classname="ecom.deleteAPI" name="logintoapp" time="6.535"/>
  <testcase classname="ecom.deleteAPI" name="deleteprodct" time="0.523"/>
</testsuite> <!-- ecom.deleteAPI -->
