<?xml version="1.0" encoding="UTF-8"?>
<!-- Generated by org.testng.reporters.JUnitReportReporter -->
<testsuite hostname="DESKTOP-Q5H429A" failures="0" tests="1" name="apicalls.GetAWorkspaceDetails" time="5.555" errors="0" timestamp="2023-07-21T13:04:18 IST" skipped="0">
  <testcase classname="apicalls.GetAWorkspaceDetails" name="GetAworkspacedetails" time="5.555"/>
</testsuite> <!-- apicalls.GetAWorkspaceDetails -->
