<?xml version="1.0" encoding="UTF-8"?>
<!-- Generated by org.testng.reporters.JUnitReportReporter -->
<testsuite hostname="DESKTOP-Q5H429A" failures="0" tests="1" name="Authschemes.testfc" time="5.320" errors="0" timestamp="2023-08-08T11:07:56 IST" skipped="0">
  <testcase classname="Authschemes.testfc" name="q2apitest" time="5.320"/>
</testsuite> <!-- Authschemes.testfc -->
