<?xml version="1.0" encoding="UTF-8"?>
<!-- Generated by org.testng.reporters.JUnitReportReporter -->
<testsuite hostname="DESKTOP-Q5H429A" failures="0" tests="2" name="apichaining.createuserandget" time="7.259" errors="0" timestamp="2023-07-25T16:58:01 IST" skipped="0">
  <testcase classname="apichaining.createuserandget" name="creatanuser" time="6.342"/>
  <testcase classname="apichaining.createuserandget" name="getUserdetails" time="0.917"/>
</testsuite> <!-- apichaining.createuserandget -->
