<?xml version="1.0" encoding="UTF-8"?>
<!-- Generated by org.testng.reporters.JUnitReportReporter -->
<testsuite hostname="DESKTOP-Q5H429A" failures="0" tests="2" name="ecom.loginAPI" time="7.065" errors="0" timestamp="2023-07-29T16:08:29 IST" skipped="0">
  <testcase classname="ecom.loginAPI" name="logintoapp" time="6.329"/>
  <testcase classname="ecom.loginAPI" name="addProduct" time="0.736"/>
</testsuite> <!-- ecom.loginAPI -->
