<?xml version="1.0" encoding="UTF-8"?>
<!-- Generated by org.testng.reporters.JUnitReportReporter -->
<testsuite hostname="DESKTOP-Q5H429A" failures="0" tests="1" name="FetchDatafromResponse.CreateWorkspace" time="23.688" errors="0" timestamp="2023-07-21T18:40:04 IST" skipped="0">
  <testcase classname="FetchDatafromResponse.CreateWorkspace" name="createworkspace" time="23.688"/>
</testsuite> <!-- FetchDatafromResponse.CreateWorkspace -->
