<?xml version="1.0" encoding="UTF-8"?>
<!-- Generated by org.testng.reporters.JUnitReportReporter -->
<testsuite hostname="DESKTOP-Q5H429A" failures="0" tests="1" name="apicalls.Headmethodcall" time="5.168" errors="0" timestamp="2023-07-21T17:05:10 IST" skipped="0">
  <testcase classname="apicalls.Headmethodcall" name="GetallworkspacewithHead" time="5.168"/>
</testsuite> <!-- apicalls.Headmethodcall -->
