<?xml version="1.0" encoding="UTF-8"?>
<!-- Generated by org.testng.reporters.JUnitReportReporter -->
<testsuite hostname="DESKTOP-Q5H429A" failures="0" tests="1" name="Serializationanddeserialiaztion.GetUserRequest" time="4.876" errors="0" timestamp="2023-08-04T13:49:07 IST" skipped="0">
  <testcase classname="Serializationanddeserialiaztion.GetUserRequest" name="getUserDetails" time="4.876"/>
</testsuite> <!-- Serializationanddeserialiaztion.GetUserRequest -->
