<?xml version="1.0" encoding="UTF-8"?>
<!-- Generated by org.testng.reporters.JUnitReportReporter -->
<testsuite hostname="DESKTOP-Q5H429A" failures="0" tests="1" name="FetchDatafromResponse.ExtractComplexJsondata" time="4.737" errors="0" timestamp="2023-07-22T12:51:02 IST" skipped="0">
  <testcase classname="FetchDatafromResponse.ExtractComplexJsondata" name="extractcomplexjsondata" time="4.737"/>
</testsuite> <!-- FetchDatafromResponse.ExtractComplexJsondata -->
