<?xml version="1.0" encoding="UTF-8"?>
<!-- Generated by org.testng.reporters.JUnitReportReporter -->
<testsuite hostname="DESKTOP-Q5H429A" failures="0" tests="1" name="apicalls.GetPostmanworkspace" time="4.904" errors="0" timestamp="2023-07-21T16:31:28 IST" skipped="0">
  <testcase classname="apicalls.GetPostmanworkspace" name="getallworkspace" time="4.904"/>
</testsuite> <!-- apicalls.GetPostmanworkspace -->
