<?xml version="1.0" encoding="UTF-8"?>
<!-- Generated by org.testng.reporters.JUnitReportReporter -->
<testsuite hostname="DESKTOP-Q5H429A" failures="0" tests="1" name="pathandqueryparam.QueryParameters" time="4.093" errors="0" timestamp="2023-07-25T15:55:35 IST" skipped="0">
  <testcase classname="pathandqueryparam.QueryParameters" name="getUserDetails" time="4.093"/>
</testsuite> <!-- pathandqueryparam.QueryParameters -->
