<?xml version="1.0" encoding="UTF-8"?>
<!-- Generated by org.testng.reporters.JUnitReportReporter -->
<testsuite hostname="DESKTOP-Q5H429A" failures="0" tests="1" name="apicalls.UpdateWorkspace" time="4.950" errors="0" timestamp="2023-07-21T13:38:34 IST" skipped="0">
  <testcase classname="apicalls.UpdateWorkspace" name="updateworkspace" time="4.950"/>
</testsuite> <!-- apicalls.UpdateWorkspace -->
