<?xml version="1.0" encoding="UTF-8"?>
<!-- Generated by org.testng.reporters.JUnitReportReporter -->
<testsuite hostname="DESKTOP-Q5H429A" failures="0" tests="1" name="FetchDatafromResponse.FetchdatafromreadyadeJSON" time="2.442" errors="0" timestamp="2023-07-22T20:05:25 IST" skipped="0">
  <testcase classname="FetchDatafromResponse.FetchdatafromreadyadeJSON" name="fetchdata" time="2.442"/>
</testsuite> <!-- FetchDatafromResponse.FetchdatafromreadyadeJSON -->
