<?xml version="1.0" encoding="UTF-8"?>
<!-- Generated by org.testng.reporters.JUnitReportReporter -->
<testsuite hostname="DESKTOP-Q5H429A" failures="0" tests="1" name="Authschemes.BasicAuth" time="13.090" errors="0" timestamp="2023-08-04T18:05:20 IST" skipped="0">
  <testcase classname="Authschemes.BasicAuth" name="executeGetEcho" time="13.090"/>
</testsuite> <!-- Authschemes.BasicAuth -->
