<?xml version="1.0" encoding="UTF-8"?>
<!-- Generated by org.testng.reporters.JUnitReportReporter -->
<testsuite hostname="DESKTOP-Q5H429A" failures="0" tests="1" name="Spotify.GetUserProfileId" time="4.067" errors="0" timestamp="2023-08-11T18:58:00 IST" skipped="0">
  <testcase classname="Spotify.GetUserProfileId" name="getUserId" time="4.067"/>
</testsuite> <!-- Spotify.GetUserProfileId -->
