<?xml version="1.0" encoding="UTF-8"?>
<!-- Generated by org.testng.reporters.JUnitReportReporter -->
<testsuite hostname="DESKTOP-Q5H429A" failures="0" tests="1" name="Authschemes.Bearertoken" time="8.265" errors="0" timestamp="2023-08-04T18:45:06 IST" skipped="0">
  <testcase classname="Authschemes.Bearertoken" name="getRepository" time="8.265"/>
</testsuite> <!-- Authschemes.Bearertoken -->
