<?xml version="1.0" encoding="UTF-8"?>
<!-- Generated by org.testng.reporters.JUnitReportReporter -->
<testsuite hostname="DESKTOP-Q5H429A" failures="0" tests="1" name="FetchDatafromResponse.FetchLNwhoseemailis" time="5.114" errors="0" timestamp="2023-07-22T18:47:03 IST" skipped="0">
  <testcase classname="FetchDatafromResponse.FetchLNwhoseemailis" name="fetchlastnamewhoesemailis" time="5.114"/>
</testsuite> <!-- FetchDatafromResponse.FetchLNwhoseemailis -->
