<?xml version="1.0" encoding="UTF-8"?>
<!-- Generated by org.testng.reporters.JUnitReportReporter -->
<testsuite hostname="DESKTOP-Q5H429A" failures="0" tests="1" name="apicalls.Get_method" time="5.260" errors="0" timestamp="2023-07-21T19:22:22 IST" skipped="0">
  <testcase classname="apicalls.Get_method" name="getUserDetails" time="5.260"/>
</testsuite> <!-- apicalls.Get_method -->
