<?xml version="1.0" encoding="UTF-8"?>
<!-- Generated by org.testng.reporters.JUnitReportReporter -->
<testsuite hostname="DESKTOP-Q5H429A" failures="0" tests="1" name="Authschemes.creatrepo" time="5.672" errors="0" timestamp="2023-08-10T13:07:06 IST" skipped="0">
  <testcase classname="Authschemes.creatrepo" name="creatRepo" time="5.672"/>
</testsuite> <!-- Authschemes.creatrepo -->
