<?xml version="1.0" encoding="UTF-8"?>
<!-- Generated by org.testng.reporters.JUnitReportReporter -->
<testsuite hostname="DESKTOP-Q5H429A" failures="0" tests="1" name="apicalls.FetchDataofHeader" time="3.467" errors="0" timestamp="2023-07-23T13:34:07 IST" skipped="0">
  <testcase classname="apicalls.FetchDataofHeader" name="fetchdataofheader" time="3.467"/>
</testsuite> <!-- apicalls.FetchDataofHeader -->
