<?xml version="1.0" encoding="UTF-8"?>
<!-- Generated by org.testng.reporters.JUnitReportReporter -->
<testsuite hostname="DESKTOP-Q5H429A" failures="0" tests="1" name="FetchDatafromResponse.FetchFNfromallindex" time="5.066" errors="0" timestamp="2023-07-22T19:54:25 IST" skipped="0">
  <testcase classname="FetchDatafromResponse.FetchFNfromallindex" name="fetchfirstnamefromindex" time="5.066"/>
</testsuite> <!-- FetchDatafromResponse.FetchFNfromallindex -->
