<?xml version="1.0" encoding="UTF-8"?>
<!-- Generated by org.testng.reporters.JUnitReportReporter -->
<testsuite hostname="DESKTOP-Q5H429A" failures="0" tests="1" name="AssertionsinRestAssured.Assertionusage" time="7.078" errors="0" timestamp="2023-07-24T15:58:29 IST" skipped="0">
  <testcase classname="AssertionsinRestAssured.Assertionusage" name="assertionusage" time="7.078"/>
</testsuite> <!-- AssertionsinRestAssured.Assertionusage -->
