<?xml version="1.0" encoding="UTF-8"?>
<!-- Generated by org.testng.reporters.JUnitReportReporter -->
<testsuite hostname="DESKTOP-Q5H429A" failures="0" tests="1" name="Serializationanddeserialiaztion.CreateUser" time="9.426" errors="0" timestamp="2023-08-03T16:56:24 IST" skipped="0">
  <testcase classname="Serializationanddeserialiaztion.CreateUser" name="creatanuser" time="9.426"/>
</testsuite> <!-- Serializationanddeserialiaztion.CreateUser -->
