<?xml version="1.0" encoding="UTF-8"?>
<!-- Generated by org.testng.reporters.JUnitReportReporter -->
<testsuite hostname="DESKTOP-Q5H429A" failures="0" tests="1" name="apicalls.CreateWorkspace" time="5.807" errors="0" timestamp="2023-07-21T11:25:32 IST" skipped="0">
  <testcase classname="apicalls.CreateWorkspace" name="creatworkspace" time="5.807"/>
</testsuite> <!-- apicalls.CreateWorkspace -->
