<?xml version="1.0" encoding="UTF-8"?>
<!-- Generated by org.testng.reporters.JUnitReportReporter -->
<testsuite hostname="DESKTOP-Q5H429A" failures="0" tests="1" name="apicalls.DeleteAWorkspace" time="4.695" errors="0" timestamp="2023-07-21T18:41:03 IST" skipped="0">
  <testcase classname="apicalls.DeleteAWorkspace" name="deleteaworkspace" time="4.695"/>
</testsuite> <!-- apicalls.DeleteAWorkspace -->
